2018-12-26 13:13:03.082 +07:00 [Debug] Hosting starting
2018-12-26 13:13:08.434 +07:00 [Information] StartAsync method called.
2018-12-26 13:13:08.435 +07:00 [Information] OnStarted method called.
2018-12-26 13:13:08.447 +07:00 [Debug] Hosting started
2018-12-26 13:13:37.856 +07:00 [Debug] StartAsync method : abc
2018-12-26 13:14:00.466 +07:00 [Debug] StartAsync method : def
2018-12-26 13:16:06.017 +07:00 [Fatal] An error occurred stopping the application
System.AggregateException: One or more errors occurred. (Bad binary signature. (Exception from HRESULT: 0x80131192)) ---> System.BadImageFormatException: Bad binary signature. (Exception from HRESULT: 0x80131192)
   at myservice.ApplicationLifetimeHostedService.OnStopping
   at System.Threading.ExecutionContext.RunInternal(ExecutionContext executionContext, ContextCallback callback, Object state)
--- End of stack trace from previous location where exception was thrown ---
   at System.Threading.CancellationTokenSource.ExecuteCallbackHandlers(Boolean throwOnFirstException)
   --- End of inner exception stack trace ---
   at System.Threading.CancellationTokenSource.ExecuteCallbackHandlers(Boolean throwOnFirstException)
   at Microsoft.Extensions.Hosting.Internal.ApplicationLifetime.StopApplication()
---> (Inner Exception #0) System.BadImageFormatException: Bad binary signature. (Exception from HRESULT: 0x80131192)
   at myservice.ApplicationLifetimeHostedService.OnStopping
   at System.Threading.ExecutionContext.RunInternal(ExecutionContext executionContext, ContextCallback callback, Object state)
--- End of stack trace from previous location where exception was thrown ---
   at System.Threading.CancellationTokenSource.ExecuteCallbackHandlers(Boolean throwOnFirstException)<---

